<?xml version="1.0" encoding="UTF-8" ?>
<testsuite errors="0" failures="0" hostname="fangorn" name="lib.math.TextoTest" tests="5" time="0.125" timestamp="2009-05-21T00:12:50">
  <properties>
[...]
</properties>
  <testcase classname="lib.math.TextoTest" name="testAnagramaUnico" time="0.0" />
  <testcase classname="lib.math.TextoTest" name="testAnagramasSinCoincidencia" time="0.0" />
  <testcase classname="lib.math.TextoTest" name="testAnagramasTodasCoincidencias" time="0.016" />
  <testcase classname="lib.math.TextoTest" name="testAnagramasAlgunasCoincidencias" time="0.0" />
  <testcase classname="lib.math.TextoTest" name="testAnagramasCapitalizacion" time="0.0" />
  <system-out><![CDATA[testAnagramaUnico
testAnagramasSinCoincidencia
testAnagramasTodasCoincidencias
testAnagramasAlgunasCoincidencias
testAnagramasAlgunasCoincidencias
]]></system-out>
  <system-err><![CDATA[]]></system-err>
</testsuite>
